log started: Wed Jul 26 15:04:59 2023

Log file: ./leap.log
>> #
>> # ----- leaprc for loading the general Amber Force field.
>> #       This file is mostly for use with Antechamber
>> #
>> #	load atom type hybridizations
>> #
>> addAtomTypes {
>> 	{ "h1"  "H" "sp3" }
>> 	{ "h2"  "H" "sp3" }
>> 	{ "h3"  "H" "sp3" }
>> 	{ "h4"  "H" "sp3" }
>> 	{ "h5"  "H" "sp3" }
>> 	{ "ha"  "H" "sp3" }
>> 	{ "hc"  "H" "sp3" }
>> 	{ "hn"  "H" "sp3" }
>> 	{ "ho"  "H" "sp3" }
>> 	{ "hp"  "H" "sp3" }
>> 	{ "hs"  "H" "sp3" }
>> 	{ "hw"  "H" "sp3" }
>> 	{ "hx"  "H" "sp3" }
>> 	{ "o"  "O" "sp2" }
>> 	{ "o2"  "O" "sp2" }
>> 	{ "oh"  "O" "sp3" }
>> 	{ "op"  "O" "sp3" }
>> 	{ "oq"  "O" "sp3" }
>> 	{ "os"  "O" "sp3" }
>> 	{ "ow"  "O" "sp3" }
>> 	{ "c"  "C" "sp2" }
>> 	{ "c1"  "C" "sp2" }
>> 	{ "c2"  "C" "sp2" }
>> 	{ "c3"  "C" "sp3" }
>> 	{ "ca"  "C" "sp2" }
>> 	{ "cc"  "C" "sp2" }
>> 	{ "cd"  "C" "sp2" }
>> 	{ "ce"  "C" "sp2" }
>> 	{ "cf"  "C" "sp2" }
>> 	{ "cg"  "C" "sp2" }
>> 	{ "ch"  "C" "sp2" }
>> 	{ "cp"  "C" "sp2" }
>> 	{ "cs"  "C" "sp2" }
>> 	{ "cq"  "C" "sp2" }
>> 	{ "cu"  "C" "sp2" }
>> 	{ "cv"  "C" "sp2" }
>> 	{ "cx"  "C" "sp2" }
>> 	{ "cy"  "C" "sp2" }
>> 	{ "cz"  "C" "sp2" }
>> 	{ "n"   "N" "sp2" }
>> 	{ "n1"  "N" "sp2" }
>> 	{ "n2"  "N" "sp2" }
>> 	{ "n3"  "N" "sp3" }
>> 	{ "n4"  "N" "sp3" }
>> 	{ "n5"  "N" "sp3" }
>> 	{ "n6"  "N" "sp3" }
>> 	{ "n7"  "N" "sp3" }
>> 	{ "n8"  "N" "sp3" }
>> 	{ "n9"  "N" "sp3" }
>> 	{ "na"  "N" "sp2" }
>> 	{ "nb"  "N" "sp2" }
>> 	{ "nc"  "N" "sp2" }
>> 	{ "nd"  "N" "sp2" }
>> 	{ "ne"  "N" "sp2" }
>> 	{ "nf"  "N" "sp2" }
>> 	{ "nh"  "N" "sp2" }
>> 	{ "ni"  "N" "sp2" }
>> 	{ "nj"  "N" "sp2" }
>> 	{ "nk"  "N" "sp3" }
>> 	{ "nl"  "N" "sp3" }
>> 	{ "nm"  "N" "sp2" }
>> 	{ "nn"  "N" "sp2" }
>> 	{ "no"  "N" "sp2" }
>> 	{ "np"  "N" "sp3" }
>> 	{ "nq"  "N" "sp3" }
>> 	{ "ns"  "N" "sp2" }
>> 	{ "nt"  "N" "sp2" }
>> 	{ "nu"  "N" "sp2" }
>> 	{ "nv"  "N" "sp2" }
>> 	{ "nx"  "N" "sp3" }
>> 	{ "ny"  "N" "sp3" }
>> 	{ "nz"  "N" "sp3" }
>> 	{ "n+"  "N" "sp3" }
>> 	{ "s"   "S" "sp2" }
>> 	{ "s2"   "S" "sp2" }
>> 	{ "s3"   "S" "sp3" }
>> 	{ "s4"   "S" "sp3" }
>> 	{ "s6"   "S" "sp3" }
>> 	{ "sh"   "S" "sp3" }
>> 	{ "sp"   "S" "sp3" }
>> 	{ "sq"   "S" "sp3" }
>> 	{ "ss"   "S" "sp3" }
>> 	{ "sx"   "S" "sp3" }
>> 	{ "sy"   "S" "sp3" }
>> 	{ "p2"   "P" "sp2" }
>> 	{ "p3"   "P" "sp3" }
>> 	{ "p4"   "P" "sp3" }
>> 	{ "p5"   "P" "sp3" }
>> 	{ "pb"   "P" "sp3" }
>> 	{ "pc"   "P" "sp3" }
>> 	{ "pd"   "P" "sp3" }
>> 	{ "pe"   "P" "sp3" }
>> 	{ "pf"   "P" "sp3" }
>> 	{ "px"   "P" "sp3" }
>> 	{ "py"   "P" "sp3" }
>> 	{ "f"   "F" "sp3" }
>> 	{ "cl"  "Cl" "sp3" }
>> 	{ "br"  "Br" "sp3" }
>> 	{ "i"   "I"  "sp3" }
>> }
>> #
>> #	Load the general force field parameter set.
>> #
>> gaff = loadamberparams gaff2.dat
Loading parameters: /Users/jsetiadi/anaconda3/envs/adamanane-paper/dat/leap/parm/gaff2.dat
Reading title:
AMBER General Force Field for organic molecules (Version 2.11, May 2016)
> 
> loadamberparams ../../structure-files/guest.frcmod
Loading parameters: ../../structure-files/guest.frcmod
Reading force field modification type file (frcmod)
Reading title:
Remark line goes here
> loadamberparams ../../structure-files/host.frcmod
Loading parameters: ../../structure-files/host.frcmod
Reading force field modification type file (frcmod)
Reading title:
Remark line goes here
> loadamberparams dummy.frcmod
Loading parameters: ./dummy.frcmod
Reading force field modification type file (frcmod)
Reading title:
Parameters for dummy atom with type Du
(UNKNOWN ATOM TYPE: Du)
> CB7 = loadmol2 ../../structure-files/cb7.am1bcc.gaff2.mol2
Loading Mol2 file: ../../structure-files/cb7.am1bcc.gaff2.mol2
Reading MOLECULE named CB7
> AMT = loadmol2 ../../structure-files/1-AdOH.am1bcc.gaff2.mol2
Loading Mol2 file: ../../structure-files/1-AdOH.am1bcc.gaff2.mol2
Reading MOLECULE named AMT
> DM1 = loadmol2 dm1.mol2
Loading Mol2 file: ./dm1.mol2
Reading MOLECULE named DM1
> DM2 = loadmol2 dm2.mol2
Loading Mol2 file: ./dm2.mol2
Reading MOLECULE named DM2
> DM3 = loadmol2 dm3.mol2
Loading Mol2 file: ./dm3.mol2
Reading MOLECULE named DM3
> complex = loadpdb aligned_with_dummy.pdb
Loading PDB file: ./aligned_with_dummy.pdb
Matching PDB residue names to LEaP variables.
Starting new chain with CB7
  total atoms in file: 156
> 
> # Skipping solvation ...
> savepdb complex vac-dum.pdb
Writing pdb file: vac-dum.pdb
> saveamberparm complex vac-dum.prmtop vac-dum.rst7
Checking Unit.

/Users/jsetiadi/anaconda3/envs/adamanane-paper/bin/teLeap: Warning!
The unperturbed charge of the unit (-0.010976) is not integral.

/Users/jsetiadi/anaconda3/envs/adamanane-paper/bin/teLeap: Warning!
The unperturbed charge of the unit (-0.010976) is not zero.

/Users/jsetiadi/anaconda3/envs/adamanane-paper/bin/teLeap: Note.
Ignoring the warnings from Unit Checking.

Building topology.
Building atom parameters.
Building bond parameters.
Building angle parameters.
Building proper torsion parameters.
Building improper torsion parameters.
 total 42 improper torsions applied
Building H-Bond parameters.
Incorporating Non-Bonded adjustments.
Not Marking per-residue atom chain types.
Marking per-residue atom chain types.
  (Residues lacking connect0/connect1 - 
   these don't have chain types marked:

	res	total affected

	AMT	1
	CB7	1
  )
 (no restraints)
> desc complex
UNIT name: default_name
Head atom: null
Tail atom: null
Contents: 
R<AMT 1>
R<CB7 2>
R<DM1 3>
R<DM2 4>
R<DM3 5>
> quit
	Quit

Exiting LEaP: Errors = 0; Warnings = 2; Notes = 1.
